I0114 18:43:40.356310   17996 load.go:31] Reloading schema and connectors...
I0114 18:43:40.483799   17996 control.go:100] [/emulator/cleanapp faaa] UpdateResources(): done
Main schema: sources: schema\schema.gql [1992B] 
Connector "example": sources: example\mutations.gql [1243B] example\queries.gql [1801B] 
I0114 18:43:40.599489   17996 codegen.go:80] [connector "example" javascriptSdk] Generating sources into "C:\\Users\\software soft\\Desktop\\cleanapp-main\\src\\dataconnect-generated"
I0114 18:43:40.648357   17996 collector.go:107] schema extensions wrote into "C:\\Users\\software soft\\Desktop\\cleanapp-main\\dataconnect\\.dataconnect\\schema"
Generated sources: main\query.gql [5099B] main\mutation.gql [13679B] main\implicit.gql [1261B] main\input.gql [28173B] prelude.gql [73281B] main\relation.gql [14318B] 
I0114 18:43:40.695232   17996 collector.go:107] connector "example" javascriptSdk wrote into "C:\\Users\\software soft\\Desktop\\cleanapp-main\\src\\dataconnect-generated"
Generated sources: README.md [40804B] .guides/usage.md [1705B] .guides/setup.md [584B] .guides/config.json [236B] index.d.ts [8025B] esm\index.esm.js [3558B] esm\package.json [17B] index.cjs.js [4048B] package.json [637B] 
I0114 18:43:40.771030   17996 installsdk.go:55] Package @dataconnect/generated is already installed. Skipping installation
I0114 18:43:40.881733   17996 load.go:109] Finished reloading
I0114 18:43:40.913415   17996 dev.go:104] Listening on address (HTTP + gRPC): 127.0.0.1:9399
I0114 18:43:40.918402   17996 dev.go:104] Listening on address (HTTP + gRPC): [::1]:9399
I0114 18:43:52.426011   17996 migrate.go:24] Running migration SQL:
Step 1: CREATE EXTENSION IF NOT EXISTS "uuid-ossp"
Step 2: CREATE TABLE "public"."movie" ("id" uuid NOT NULL DEFAULT uuid_generate_v4(), "genre" text NULL, "image_url" text NOT NULL, "title" text NOT NULL, PRIMARY KEY ("id"))
Step 3: CREATE TABLE "public"."user" ("id" text NOT NULL, "username" character varying(50) NOT NULL, PRIMARY KEY ("id"))
Step 4: CREATE TABLE "public"."Reviews" ("movie_id" uuid NOT NULL, "user_id" text NOT NULL, "rating" integer NULL, "review_date" date NOT NULL, "review_text" text NULL, PRIMARY KEY ("movie_id", "user_id"), CONSTRAINT "Reviews_movie_id_fkey" FOREIGN KEY ("movie_id") REFERENCES "public"."movie" ("id") ON DELETE CASCADE, CONSTRAINT "Reviews_user_id_fkey" FOREIGN KEY ("user_id") REFERENCES "public"."user" ("id") ON DELETE CASCADE)
Step 5: CREATE INDEX "Reviews_movieId_idx" ON "public"."Reviews" ("movie_id")
Step 6: CREATE INDEX "Reviews_userId_idx" ON "public"."Reviews" ("user_id")
Step 7: CREATE TABLE "public"."movie_metadata" ("id" uuid NOT NULL DEFAULT uuid_generate_v4(), "movie_id" uuid NOT NULL, "description" text NULL, "rating" double precision NULL, "release_year" integer NULL, PRIMARY KEY ("id"), CONSTRAINT "movie_metadata_movie_id_fkey" FOREIGN KEY ("movie_id") REFERENCES "public"."movie" ("id") ON DELETE CASCADE)
Step 8: CREATE INDEX "movie_metadata_movieId_idx" ON "public"."movie_metadata" ("movie_id")
Step 9: CREATE UNIQUE INDEX "movie_metadata_movieId_uidx" ON "public"."movie_metadata" ("movie_id")
I0114 18:43:52.857220   17996 control.go:100] [/emulator/cleanapp 2a69] UpdateResources(): done
Main schema: sources: schema\schema.gql [1992B] 
Connector "example": sources: example\mutations.gql [1243B] example\queries.gql [1801B] 
